<?xml version="1.0" encoding="UTF-8"?>
<testng-results ignored="0" total="1" passed="1" failed="0" skipped="0">
  <reporter-output>
  </reporter-output>
  <suite started-at="2025-02-16T22:18:48 IST" name="Suite" finished-at="2025-02-16T22:19:30 IST" duration-ms="41917">
    <groups>
    </groups>
    <test started-at="2025-02-16T22:18:48 IST" name="Test" finished-at="2025-02-16T22:19:30 IST" duration-ms="41917">
      <class name="testcases.ElectronicsSelection">
        <test-method is-config="true" signature="setup()[pri:0, instance:testcases.ElectronicsSelection@55182842]" started-at="2025-02-16T22:18:48 IST" name="setup" finished-at="2025-02-16T22:18:48 IST" duration-ms="13" status="PASS">
          <reporter-output>
          </reporter-output>
        </test-method> <!-- setup -->
        <test-method is-config="true" signature="beforeMethod()[pri:0, instance:testcases.ElectronicsSelection@55182842]" started-at="2025-02-16T22:18:50 IST" name="beforeMethod" finished-at="2025-02-16T22:18:57 IST" duration-ms="7534" status="PASS">
          <reporter-output>
          </reporter-output>
        </test-method> <!-- beforeMethod -->
        <test-method signature="electronics(java.lang.String,java.lang.String)[pri:0, instance:testcases.ElectronicsSelection@55182842]" started-at="2025-02-16T22:18:57 IST" name="electronics" data-provider="data" finished-at="2025-02-16T22:19:30 IST" duration-ms="33000" status="PASS">
          <params>
            <param index="0">
              <value>
                <![CDATA[r.ramcharan123@gmail.com]]>
              </value>
            </param>
            <param index="1">
              <value>
                <![CDATA[demowebshop]]>
              </value>
            </param>
          </params>
          <reporter-output>
          </reporter-output>
        </test-method> <!-- electronics -->
        <test-method is-config="true" signature="afterMethod()[pri:0, instance:testcases.ElectronicsSelection@55182842]" started-at="2025-02-16T22:19:30 IST" name="afterMethod" finished-at="2025-02-16T22:19:30 IST" duration-ms="1" status="PASS">
          <reporter-output>
          </reporter-output>
        </test-method> <!-- afterMethod -->
      </class> <!-- testcases.ElectronicsSelection -->
    </test> <!-- Test -->
  </suite> <!-- Suite -->
</testng-results>
